c:\users\jguo5\onedrive\documents\github\goodapexexternal\mmcopyvirtual communication\kmdf driver1\x64\release\vc142.pdb
c:\users\jguo5\onedrive\documents\github\goodapexexternal\mmcopyvirtual communication\kmdf driver1\x64\release\driver.obj
c:\users\jguo5\onedrive\documents\github\goodapexexternal\mmcopyvirtual communication\x64\release\kmdf driver1\kmdfdriver1.cat
c:\users\jguo5\onedrive\documents\github\goodapexexternal\mmcopyvirtual communication\x64\release\kmdfdriver1.sys
c:\users\jguo5\onedrive\documents\github\goodapexexternal\mmcopyvirtual communication\x64\release\kmdfdriver1.pdb
c:\users\jguo5\onedrive\documents\github\goodapexexternal\mmcopyvirtual communication\kmdf driver1\x64\release\kmdfdriver1.inf
c:\users\jguo5\onedrive\documents\github\goodapexexternal\mmcopyvirtual communication\x64\release\kmdfdriver1.cer
c:\users\jguo5\onedrive\documents\github\goodapexexternal\mmcopyvirtual communication\x64\release\kmdfdriver1.inf
c:\users\jguo5\onedrive\documents\github\goodapexexternal\mmcopyvirtual communication\kmdf driver1\x64\release\kmdf driver1.tlog\cl.command.1.tlog
c:\users\jguo5\onedrive\documents\github\goodapexexternal\mmcopyvirtual communication\kmdf driver1\x64\release\kmdf driver1.tlog\cl.read.1.tlog
c:\users\jguo5\onedrive\documents\github\goodapexexternal\mmcopyvirtual communication\kmdf driver1\x64\release\kmdf driver1.tlog\cl.write.1.tlog
c:\users\jguo5\onedrive\documents\github\goodapexexternal\mmcopyvirtual communication\kmdf driver1\x64\release\kmdf driver1.tlog\inf2cat-expand.7936.read.1.tlog
c:\users\jguo5\onedrive\documents\github\goodapexexternal\mmcopyvirtual communication\kmdf driver1\x64\release\kmdf driver1.tlog\inf2cat-expand.7936.write.1.tlog
c:\users\jguo5\onedrive\documents\github\goodapexexternal\mmcopyvirtual communication\kmdf driver1\x64\release\kmdf driver1.tlog\inf2cat-expand.read.1.tlog
c:\users\jguo5\onedrive\documents\github\goodapexexternal\mmcopyvirtual communication\kmdf driver1\x64\release\kmdf driver1.tlog\inf2cat-expand.write.1.tlog
c:\users\jguo5\onedrive\documents\github\goodapexexternal\mmcopyvirtual communication\kmdf driver1\x64\release\kmdf driver1.tlog\inf2cat.command.1.tlog
c:\users\jguo5\onedrive\documents\github\goodapexexternal\mmcopyvirtual communication\kmdf driver1\x64\release\kmdf driver1.tlog\inf2cat.read.1.tlog
c:\users\jguo5\onedrive\documents\github\goodapexexternal\mmcopyvirtual communication\kmdf driver1\x64\release\kmdf driver1.tlog\inf2cat.write.1.tlog
c:\users\jguo5\onedrive\documents\github\goodapexexternal\mmcopyvirtual communication\kmdf driver1\x64\release\kmdf driver1.tlog\link.command.1.tlog
c:\users\jguo5\onedrive\documents\github\goodapexexternal\mmcopyvirtual communication\kmdf driver1\x64\release\kmdf driver1.tlog\link.read.1.tlog
c:\users\jguo5\onedrive\documents\github\goodapexexternal\mmcopyvirtual communication\kmdf driver1\x64\release\kmdf driver1.tlog\link.write.1.tlog
c:\users\jguo5\onedrive\documents\github\goodapexexternal\mmcopyvirtual communication\kmdf driver1\x64\release\kmdf driver1.tlog\signtool.command.1.tlog
c:\users\jguo5\onedrive\documents\github\goodapexexternal\mmcopyvirtual communication\kmdf driver1\x64\release\kmdf driver1.tlog\signtool.read.1.tlog
c:\users\jguo5\onedrive\documents\github\goodapexexternal\mmcopyvirtual communication\kmdf driver1\x64\release\kmdf driver1.tlog\signtool.timestamp.1.tlog
c:\users\jguo5\onedrive\documents\github\goodapexexternal\mmcopyvirtual communication\kmdf driver1\x64\release\kmdf driver1.tlog\signtool.write.1.tlog
c:\users\jguo5\onedrive\documents\github\goodapexexternal\mmcopyvirtual communication\kmdf driver1\x64\release\kmdf driver1.tlog\stampinf.command.1.tlog
c:\users\jguo5\onedrive\documents\github\goodapexexternal\mmcopyvirtual communication\kmdf driver1\x64\release\kmdf driver1.tlog\stampinf.read.1.tlog
c:\users\jguo5\onedrive\documents\github\goodapexexternal\mmcopyvirtual communication\kmdf driver1\x64\release\kmdf driver1.tlog\stampinf.write.1.tlog
