C:\Users\jguo5\OneDrive\Documents\GitHub\goodApexExternal\MmCopyVirtual Communication\KMDF Driver1\KMDF Driver1.vcxproj(113,5): warning MSB4011: "C:\Program Files (x86)\Microsoft Visual Studio\2019\Community\MSBuild\Microsoft\VC\v160\BuildCustomizations\masm.props" cannot be imported again. It was already imported at "C:\Program Files (x86)\Windows Kits\10\build\WindowsDriver.Shared.props (330,3)". This is most likely a build authoring error. This subsequent import will be ignored. 
C:\Users\jguo5\OneDrive\Documents\GitHub\goodApexExternal\MmCopyVirtual Communication\KMDF Driver1\KMDF Driver1.vcxproj(181,5): warning MSB4011: "C:\Program Files (x86)\Microsoft Visual Studio\2019\Community\MSBuild\Microsoft\VC\v160\BuildCustomizations\masm.targets" cannot be imported again. It was already imported at "C:\Program Files (x86)\Windows Kits\10\build\WindowsDriver.common.targets (1797,3)". This is most likely a build authoring error. This subsequent import will be ignored. 
  Building 'KMDF Driver1' with toolset 'WindowsKernelModeDriver10.0' and the 'Universal' target platform.
  Stamping x64\Release\KMDFDriver1.inf
  Stamping [Version] section with DriverVer=05/04/2020,8.52.28.165
  KMDF Driver1.vcxproj -> C:\Users\jguo5\OneDrive\Documents\GitHub\goodApexExternal\MmCopyVirtual Communication\x64\Release\KMDFDriver1.sys
C:\Users\jguo5\OneDrive\Documents\GitHub\goodApexExternal\MmCopyVirtual Communication\KMDF Driver1\KMDF Driver1.vcxproj(113,5): warning MSB4011: "C:\Program Files (x86)\Microsoft Visual Studio\2019\Community\MSBuild\Microsoft\VC\v160\BuildCustomizations\masm.props" cannot be imported again. It was already imported at "C:\Program Files (x86)\Windows Kits\10\build\WindowsDriver.Shared.props (330,3)". This is most likely a build authoring error. This subsequent import will be ignored. 
C:\Users\jguo5\OneDrive\Documents\GitHub\goodApexExternal\MmCopyVirtual Communication\KMDF Driver1\KMDF Driver1.vcxproj(181,5): warning MSB4011: "C:\Program Files (x86)\Microsoft Visual Studio\2019\Community\MSBuild\Microsoft\VC\v160\BuildCustomizations\masm.targets" cannot be imported again. It was already imported at "C:\Program Files (x86)\Windows Kits\10\build\WindowsDriver.common.targets (1797,3)". This is most likely a build authoring error. This subsequent import will be ignored. 
  Driver is a Universal Driver.
  .........................
  Signability test complete.
  
  Errors:
  None
  
  Warnings:
  None
  
  Catalog generation complete.
  C:\Users\jguo5\OneDrive\Documents\GitHub\goodApexExternal\MmCopyVirtual Communication\x64\Release\KMDF Driver1\kmdfdriver1.cat
C:\Users\jguo5\OneDrive\Documents\GitHub\goodApexExternal\MmCopyVirtual Communication\KMDF Driver1\KMDF Driver1.vcxproj(113,5): warning MSB4011: "C:\Program Files (x86)\Microsoft Visual Studio\2019\Community\MSBuild\Microsoft\VC\v160\BuildCustomizations\masm.props" cannot be imported again. It was already imported at "C:\Program Files (x86)\Windows Kits\10\build\WindowsDriver.Shared.props (330,3)". This is most likely a build authoring error. This subsequent import will be ignored. 
C:\Users\jguo5\OneDrive\Documents\GitHub\goodApexExternal\MmCopyVirtual Communication\KMDF Driver1\KMDF Driver1.vcxproj(181,5): warning MSB4011: "C:\Program Files (x86)\Microsoft Visual Studio\2019\Community\MSBuild\Microsoft\VC\v160\BuildCustomizations\masm.targets" cannot be imported again. It was already imported at "C:\Program Files (x86)\Windows Kits\10\build\WindowsDriver.common.targets (1797,3)". This is most likely a build authoring error. This subsequent import will be ignored. 
  Done Adding Additional Store
  Successfully signed: C:\Users\jguo5\OneDrive\Documents\GitHub\goodApexExternal\MmCopyVirtual Communication\x64\Release\KMDF Driver1\kmdfdriver1.cat
  
