  Building 'KMDF Driver1' with toolset 'WindowsKernelModeDriver10.0' and the 'Universal' target platform.
  Stamping x64\Debug\KMDFDriver1.inf
  Stamping [Version] section with DriverVer=04/26/2020,22.38.28.684
  Driver.cpp
C:\Users\jguo5\source\repos\MmCopyVirtual Communication\KMDF Driver1\Driver.cpp(128,51): warning C4311: 'type cast': pointer truncation from 'HANDLE' to 'DWORD'
C:\Users\jguo5\source\repos\MmCopyVirtual Communication\KMDF Driver1\Driver.cpp(128,51): warning C4302: 'type cast': truncation from 'HANDLE' to 'DWORD'
  KMDF Driver1.vcxproj -> C:\Users\jguo5\source\repos\MmCopyVirtual Communication\x64\Debug\KMDFDriver1.sys
  Done Adding Additional Store
  Successfully signed: C:\Users\jguo5\source\repos\MmCopyVirtual Communication\x64\Debug\KMDFDriver1.sys
  
  Driver is a Universal Driver.
  ........................
  Signability test complete.
  
  Errors:
  None
  
  Warnings:
  None
  
  Catalog generation complete.
  C:\Users\jguo5\source\repos\MmCopyVirtual Communication\x64\Debug\KMDF Driver1\kmdfdriver1.cat
  Done Adding Additional Store
  Successfully signed: C:\Users\jguo5\source\repos\MmCopyVirtual Communication\x64\Debug\KMDF Driver1\kmdfdriver1.cat
  
